# JRE version: Java(TM) SE Runtime Environment (8.0_144-b01) (build 1.8.0_144-b01)
# Java VM: Java HotSpot(TM) Client VM (25.144-b01 mixed mode windows-x86 )
Heap:
 def new generation   total 157248K, used 157248K [0x06400000, 0x10ea0000, 0x10ea0000)
  eden space 139776K, 100% used [0x06400000, 0x0ec80000, 0x0ec80000)
  from space 17472K, 100% used [0x0ec80000, 0x0fd90000, 0x0fd90000)
  to   space 17472K,   0% used [0x0fd90000, 0x0fd90000, 0x10ea0000)
 tenured generation   total 349568K, used 349568K [0x10ea0000, 0x26400000, 0x26400000)
   the space 349568K, 100% used [0x10ea0000, 0x26400000, 0x26400000, 0x26400000)
 Metaspace       used 19329K, capacity 19827K, committed 20096K, reserved 20864K
GC Heap History (10 events):
Event: 4954.308 GC heap before
{Heap before GC invocations=47 (full 12):
 def new generation   total 157248K, used 149933K [0x06400000, 0x10ea0000, 0x10ea0000)
  eden space 139776K,  99% used [0x06400000, 0x0ec26260, 0x0ec80000)
  from space 17472K,  60% used [0x0ec80000, 0x0f6c5210, 0x0fd90000)
  to   space 17472K,   0% used [0x0fd90000, 0x0fd90000, 0x10ea0000)
 tenured generation   total 349568K, used 347834K [0x10ea0000, 0x26400000, 0x26400000)
   the space 349568K,  99% used [0x10ea0000, 0x2624e8b8, 0x2624ea00, 0x26400000)
 Metaspace       used 19228K, capacity 19729K, committed 19968K, reserved 20864K
Event: 4954.870 GC heap after
Heap after GC invocations=48 (full 13):
 def new generation   total 157248K, used 67019K [0x06400000, 0x10ea0000, 0x10ea0000)
  eden space 139776K,  47% used [0x06400000, 0x0a572e50, 0x0ec80000)
  from space 17472K,   0% used [0x0ec80000, 0x0ec80000, 0x0fd90000)
  to   space 17472K,   0% used [0x0fd90000, 0x0fd90000, 0x10ea0000)
 tenured generation   total 349568K, used 347834K [0x10ea0000, 0x26400000, 0x26400000)
   the space 349568K,  99% used [0x10ea0000, 0x2624e8b8, 0x2624ea00, 0x26400000)
 Metaspace       used 19228K, capacity 19729K, committed 19968K, reserved 20864K
}
Event: 4955.306 GC heap before
{Heap before GC invocations=48 (full 13):
 def new generation   total 157248K, used 157248K [0x06400000, 0x10ea0000, 0x10ea0000)
  eden space 139776K, 100% used [0x06400000, 0x0ec80000, 0x0ec80000)
  from space 17472K, 100% used [0x0ec80000, 0x0fd90000, 0x0fd90000)
  to   space 17472K,   0% used [0x0fd90000, 0x0fd90000, 0x10ea0000)
 tenured generation   total 349568K, used 349567K [0x10ea0000, 0x26400000, 0x26400000)
   the space 349568K,  99% used [0x10ea0000, 0x263ffff0, 0x26400000, 0x26400000)
 Metaspace       used 19329K, capacity 19827K, committed 20096K, reserved 20864K
Event: 4956.009 GC heap after
Heap after GC invocations=49 (full 14):
 def new generation   total 157248K, used 136949K [0x06400000, 0x10ea0000, 0x10ea0000)
  eden space 139776K,  97% used [0x06400000, 0x0e9bd480, 0x0ec80000)
  from space 17472K,   0% used [0x0ec80000, 0x0ec80000, 0x0fd90000)
  to   space 17472K,   0% used [0x0fd90000, 0x0fd90000, 0x10ea0000)
 tenured generation   total 349568K, used 349567K [0x10ea0000, 0x26400000, 0x26400000)
   the space 349568K,  99% used [0x10ea0000, 0x263ffff0, 0x26400000, 0x26400000)
 Metaspace       used 19329K, capacity 19827K, committed 20096K, reserved 20864K
}
Event: 4956.150 GC heap before
{Heap before GC invocations=49 (full 14):
 def new generation   total 157248K, used 157248K [0x06400000, 0x10ea0000, 0x10ea0000)
  eden space 139776K, 100% used [0x06400000, 0x0ec80000, 0x0ec80000)
  from space 17472K, 100% used [0x0ec80000, 0x0fd90000, 0x0fd90000)
  to   space 17472K,   0% used [0x0fd90000, 0x0fd90000, 0x10ea0000)
 tenured generation   total 349568K, used 349567K [0x10ea0000, 0x26400000, 0x26400000)
   the space 349568K,  99% used [0x10ea0000, 0x263ffff0, 0x26400000, 0x26400000)
 Metaspace       used 19329K, capacity 19827K, committed 20096K, reserved 20864K
Event: 4956.898 GC heap after
Heap after GC invocations=50 (full 15):
 def new generation   total 157248K, used 154793K [0x06400000, 0x10ea0000, 0x10ea0000)
  eden space 139776K,  99% used [0x06400000, 0x0ec7ffb8, 0x0ec80000)
  from space 17472K,  85% used [0x0ec80000, 0x0fb2a600, 0x0fd90000)
  to   space 17472K,   0% used [0x0fd90000, 0x0fd90000, 0x10ea0000)
 tenured generation   total 349568K, used 349567K [0x10ea0000, 0x26400000, 0x26400000)
   the space 349568K,  99% used [0x10ea0000, 0x263ffff0, 0x26400000, 0x26400000)
 Metaspace       used 19329K, capacity 19827K, committed 20096K, reserved 20864K
}
Event: 4956.915 GC heap before
{Heap before GC invocations=50 (full 15):
 def new generation   total 157248K, used 157247K [0x06400000, 0x10ea0000, 0x10ea0000)
  eden space 139776K, 100% used [0x06400000, 0x0ec80000, 0x0ec80000)
  from space 17472K,  99% used [0x0ec80000, 0x0fd8fff0, 0x0fd90000)
  to   space 17472K,   0% used [0x0fd90000, 0x0fd90000, 0x10ea0000)
 tenured generation   total 349568K, used 349567K [0x10ea0000, 0x26400000, 0x26400000)
   the space 349568K,  99% used [0x10ea0000, 0x263ffff0, 0x26400000, 0x26400000)
 Metaspace       used 19329K, capacity 19827K, committed 20096K, reserved 20864K
Event: 4957.786 GC heap after
Heap after GC invocations=51 (full 16):
 def new generation   total 157248K, used 156601K [0x06400000, 0x10ea0000, 0x10ea0000)
  eden space 139776K, 100% used [0x06400000, 0x0ec80000, 0x0ec80000)
  from space 17472K,  96% used [0x0ec80000, 0x0fcee780, 0x0fd90000)
  to   space 17472K,   0% used [0x0fd90000, 0x0fd90000, 0x10ea0000)
 tenured generation   total 349568K, used 348879K [0x10ea0000, 0x26400000, 0x26400000)
   the space 349568K,  99% used [0x10ea0000, 0x26353e08, 0x26354000, 0x26400000)
 Metaspace       used 19329K, capacity 19827K, committed 20096K, reserved 20864K
}
Event: 4957.792 GC heap before
{Heap before GC invocations=51 (full 16):
 def new generation   total 157248K, used 157247K [0x06400000, 0x10ea0000, 0x10ea0000)
  eden space 139776K, 100% used [0x06400000, 0x0ec80000, 0x0ec80000)
  from space 17472K,  99% used [0x0ec80000, 0x0fd8fff8, 0x0fd90000)
  to   space 17472K,   0% used [0x0fd90000, 0x0fd90000, 0x10ea0000)
 tenured generation   total 349568K, used 349567K [0x10ea0000, 0x26400000, 0x26400000)
   the space 349568K,  99% used [0x10ea0000, 0x263ffff0, 0x26400000, 0x26400000)
 Metaspace       used 19329K, capacity 19827K, committed 20096K, reserved 20864K
Event: 4958.532 GC heap after
Heap after GC invocations=52 (full 17):
 def new generation   total 157248K, used 156698K [0x06400000, 0x10ea0000, 0x10ea0000)
  eden space 139776K,  99% used [0x06400000, 0x0ec7ffd8, 0x0ec80000)
  from space 17472K,  96% used [0x0ec80000, 0x0fd06ab8, 0x0fd90000)
  to   space 17472K,   0% used [0x0fd90000, 0x0fd90000, 0x10ea0000)
 tenured generation   total 349568K, used 349567K [0x10ea0000, 0x26400000, 0x26400000)
   the space 349568K,  99% used [0x10ea0000, 0x263ffff0, 0x26400000, 0x26400000)
 Metaspace       used 19329K, capacity 19827K, committed 20096K, reserved 20864K
}

