# JRE version: Java(TM) SE Runtime Environment (8.0_144-b01) (build 1.8.0_144-b01)
# Java VM: Java HotSpot(TM) Client VM (25.144-b01 mixed mode windows-x86 )
Heap:
 def new generation   total 157248K, used 157248K [0x06c00000, 0x116a0000, 0x116a0000)
  eden space 139776K, 100% used [0x06c00000, 0x0f480000, 0x0f480000)
  from space 17472K, 100% used [0x0f480000, 0x10590000, 0x10590000)
  to   space 17472K,   0% used [0x10590000, 0x10590000, 0x116a0000)
 tenured generation   total 349568K, used 349567K [0x116a0000, 0x26c00000, 0x26c00000)
   the space 349568K,  99% used [0x116a0000, 0x26bffff8, 0x26c00000, 0x26c00000)
 Metaspace       used 19257K, capacity 19731K, committed 19968K, reserved 20864K
GC Heap History (10 events):
Event: 3906.664 GC heap before
{Heap before GC invocations=64 (full 26):
 def new generation   total 157248K, used 157247K [0x06c00000, 0x116a0000, 0x116a0000)
  eden space 139776K,  99% used [0x06c00000, 0x0f47fff8, 0x0f480000)
  from space 17472K, 100% used [0x0f480000, 0x10590000, 0x10590000)
  to   space 17472K,   0% used [0x10590000, 0x10590000, 0x116a0000)
 tenured generation   total 349568K, used 349567K [0x116a0000, 0x26c00000, 0x26c00000)
   the space 349568K,  99% used [0x116a0000, 0x26bffff8, 0x26c00000, 0x26c00000)
 Metaspace       used 19257K, capacity 19731K, committed 19968K, reserved 20864K
Event: 3907.350 GC heap after
Heap after GC invocations=65 (full 27):
 def new generation   total 157248K, used 157247K [0x06c00000, 0x116a0000, 0x116a0000)
  eden space 139776K,  99% used [0x06c00000, 0x0f47fff8, 0x0f480000)
  from space 17472K, 100% used [0x0f480000, 0x10590000, 0x10590000)
  to   space 17472K,   0% used [0x10590000, 0x10590000, 0x116a0000)
 tenured generation   total 349568K, used 349567K [0x116a0000, 0x26c00000, 0x26c00000)
   the space 349568K,  99% used [0x116a0000, 0x26bffff8, 0x26c00000, 0x26c00000)
 Metaspace       used 19257K, capacity 19731K, committed 19968K, reserved 20864K
}
Event: 3907.350 GC heap before
{Heap before GC invocations=65 (full 27):
 def new generation   total 157248K, used 157247K [0x06c00000, 0x116a0000, 0x116a0000)
  eden space 139776K,  99% used [0x06c00000, 0x0f47fff8, 0x0f480000)
  from space 17472K, 100% used [0x0f480000, 0x10590000, 0x10590000)
  to   space 17472K,   0% used [0x10590000, 0x10590000, 0x116a0000)
 tenured generation   total 349568K, used 349567K [0x116a0000, 0x26c00000, 0x26c00000)
   the space 349568K,  99% used [0x116a0000, 0x26bffff8, 0x26c00000, 0x26c00000)
 Metaspace       used 19257K, capacity 19731K, committed 19968K, reserved 20864K
Event: 3908.038 GC heap after
Heap after GC invocations=66 (full 28):
 def new generation   total 157248K, used 157247K [0x06c00000, 0x116a0000, 0x116a0000)
  eden space 139776K,  99% used [0x06c00000, 0x0f47fff8, 0x0f480000)
  from space 17472K, 100% used [0x0f480000, 0x10590000, 0x10590000)
  to   space 17472K,   0% used [0x10590000, 0x10590000, 0x116a0000)
 tenured generation   total 349568K, used 349567K [0x116a0000, 0x26c00000, 0x26c00000)
   the space 349568K,  99% used [0x116a0000, 0x26bffff8, 0x26c00000, 0x26c00000)
 Metaspace       used 19257K, capacity 19731K, committed 19968K, reserved 20864K
}
Event: 3908.038 GC heap before
{Heap before GC invocations=66 (full 28):
 def new generation   total 157248K, used 157247K [0x06c00000, 0x116a0000, 0x116a0000)
  eden space 139776K,  99% used [0x06c00000, 0x0f47fff8, 0x0f480000)
  from space 17472K, 100% used [0x0f480000, 0x10590000, 0x10590000)
  to   space 17472K,   0% used [0x10590000, 0x10590000, 0x116a0000)
 tenured generation   total 349568K, used 349567K [0x116a0000, 0x26c00000, 0x26c00000)
   the space 349568K,  99% used [0x116a0000, 0x26bffff8, 0x26c00000, 0x26c00000)
 Metaspace       used 19257K, capacity 19731K, committed 19968K, reserved 20864K
Event: 3908.725 GC heap after
Heap after GC invocations=67 (full 29):
 def new generation   total 157248K, used 157247K [0x06c00000, 0x116a0000, 0x116a0000)
  eden space 139776K,  99% used [0x06c00000, 0x0f47ffe0, 0x0f480000)
  from space 17472K, 100% used [0x0f480000, 0x10590000, 0x10590000)
  to   space 17472K,   0% used [0x10590000, 0x10590000, 0x116a0000)
 tenured generation   total 349568K, used 349567K [0x116a0000, 0x26c00000, 0x26c00000)
   the space 349568K,  99% used [0x116a0000, 0x26bffff8, 0x26c00000, 0x26c00000)
 Metaspace       used 19257K, capacity 19731K, committed 19968K, reserved 20864K
}
Event: 3908.726 GC heap before
{Heap before GC invocations=67 (full 29):
 def new generation   total 157248K, used 157248K [0x06c00000, 0x116a0000, 0x116a0000)
  eden space 139776K, 100% used [0x06c00000, 0x0f480000, 0x0f480000)
  from space 17472K, 100% used [0x0f480000, 0x10590000, 0x10590000)
  to   space 17472K,   0% used [0x10590000, 0x10590000, 0x116a0000)
 tenured generation   total 349568K, used 349567K [0x116a0000, 0x26c00000, 0x26c00000)
   the space 349568K,  99% used [0x116a0000, 0x26bffff8, 0x26c00000, 0x26c00000)
 Metaspace       used 19257K, capacity 19731K, committed 19968K, reserved 20864K
Event: 3909.407 GC heap after
Heap after GC invocations=68 (full 30):
 def new generation   total 157248K, used 157248K [0x06c00000, 0x116a0000, 0x116a0000)
  eden space 139776K, 100% used [0x06c00000, 0x0f480000, 0x0f480000)
  from space 17472K, 100% used [0x0f480000, 0x10590000, 0x10590000)
  to   space 17472K,   0% used [0x10590000, 0x10590000, 0x116a0000)
 tenured generation   total 349568K, used 349567K [0x116a0000, 0x26c00000, 0x26c00000)
   the space 349568K,  99% used [0x116a0000, 0x26bffff8, 0x26c00000, 0x26c00000)
 Metaspace       used 19257K, capacity 19731K, committed 19968K, reserved 20864K
}
Event: 3909.407 GC heap before
{Heap before GC invocations=68 (full 30):
 def new generation   total 157248K, used 157248K [0x06c00000, 0x116a0000, 0x116a0000)
  eden space 139776K, 100% used [0x06c00000, 0x0f480000, 0x0f480000)
  from space 17472K, 100% used [0x0f480000, 0x10590000, 0x10590000)
  to   space 17472K,   0% used [0x10590000, 0x10590000, 0x116a0000)
 tenured generation   total 349568K, used 349567K [0x116a0000, 0x26c00000, 0x26c00000)
   the space 349568K,  99% used [0x116a0000, 0x26bffff8, 0x26c00000, 0x26c00000)
 Metaspace       used 19257K, capacity 19731K, committed 19968K, reserved 20864K
Event: 3910.094 GC heap after
Heap after GC invocations=69 (full 31):
 def new generation   total 157248K, used 157248K [0x06c00000, 0x116a0000, 0x116a0000)
  eden space 139776K, 100% used [0x06c00000, 0x0f480000, 0x0f480000)
  from space 17472K, 100% used [0x0f480000, 0x10590000, 0x10590000)
  to   space 17472K,   0% used [0x10590000, 0x10590000, 0x116a0000)
 tenured generation   total 349568K, used 349567K [0x116a0000, 0x26c00000, 0x26c00000)
   the space 349568K,  99% used [0x116a0000, 0x26bffff8, 0x26c00000, 0x26c00000)
 Metaspace       used 19257K, capacity 19731K, committed 19968K, reserved 20864K
}

